<?xml version="1.0" encoding="UTF-8"?>
<TestRun id="45d0fdcc-b6be-4deb-a70e-299a4b53a1bd" name="simmon@SIMMON-PC 2012-03-21 15:58:59" runUser="simmon-PC\simmon" xmlns="http://microsoft.com/schemas/VisualStudio/TeamTest/2010">
  <TestSettings name="Local" id="f3e4f830-58d2-476d-86e4-89d57190b36c">
    <Description>These are default test settings for a local test run.</Description>
    <Deployment enabled="false" runDeploymentRoot="simmon_SIMMON-PC 2012-03-21 15_58_59">
      <DeploymentItem filename="C:\Program Files (x86)\NUnit 2.6\bin\framework\nunit.framework.dll" />
      <DeploymentItem filename="C:\Users\simmon\Documents\Visual Studio 2010\Projects\MyFileSystemWatcherText\MyFileSystemWatcherText\bin\Debug\MyFileSystemWatcherText.dll" />
    </Deployment>
    <Execution>
      <TestTypeSpecific />
      <AgentRule name="Execution Agents">
      </AgentRule>
    </Execution>
  </TestSettings>
  <Times creation="2012-03-21T15:58:59.1730880+08:00" queuing="2012-03-21T15:58:59.1730880+08:00" start="2012-03-21T15:58:59.1886880+08:00" finish="2012-03-21T15:58:59.5318886+08:00" />
  <ResultSummary outcome="Failed">
    <Counters total="1" executed="1" error="0" failed="1" timeout="0" aborted="0" inconclusive="0" passedButRunAborted="0" notRunnable="0" notExecuted="0" disconnected="0" warning="0" passed="0" completed="0" inProgress="0" pending="0" />
  </ResultSummary>
  <TestDefinitions>
    <UnitTest name="setFilterTest" storage="c:\users\simmon\documents\visual studio 2010\projects\myfilesystemwatchertext\testproject1\bin\debug\testproject1.dll" id="6b5111e5-af36-0ec9-90f4-fbbbff27bf38">
      <Execution id="a5420c00-5a42-4604-9074-6670f9f484f4" />
      <TestMethod codeBase="C:/Users/simmon/Documents/Visual Studio 2010/Projects/MyFileSystemWatcherText/TestProject1/bin/Debug/TestProject1.DLL" adapterTypeName="Microsoft.VisualStudio.TestTools.TestTypes.Unit.UnitTestAdapter, Microsoft.VisualStudio.QualityTools.Tips.UnitTest.Adapter, Version=10.0.0.0, Culture=neutral, PublicKeyToken=b03f5f7f11d50a3a" className="TestProject1.MyFileSystemWatherTest, TestProject1, Version=1.0.0.0, Culture=neutral, PublicKeyToken=null" name="setFilterTest" />
    </UnitTest>
  </TestDefinitions>
  <TestLists>
    <TestList name="Results Not in a List" id="8c84fa94-04c1-424b-9868-57a2d4851a1d" />
    <TestList name="All Loaded Results" id="19431567-8539-422a-85d7-44ee4e166bda" />
  </TestLists>
  <TestEntries>
    <TestEntry testId="6b5111e5-af36-0ec9-90f4-fbbbff27bf38" executionId="a5420c00-5a42-4604-9074-6670f9f484f4" testListId="8c84fa94-04c1-424b-9868-57a2d4851a1d" />
  </TestEntries>
  <Results>
    <UnitTestResult executionId="a5420c00-5a42-4604-9074-6670f9f484f4" testId="6b5111e5-af36-0ec9-90f4-fbbbff27bf38" testName="setFilterTest" computerName="SIMMON-PC" duration="00:00:00.0537413" startTime="2012-03-21T15:58:59.1886880+08:00" endTime="2012-03-21T15:58:59.4538885+08:00" testType="13cdc9d9-ddb5-4fa4-a97d-d965ccfc6d4b" outcome="Failed" testListId="8c84fa94-04c1-424b-9868-57a2d4851a1d" relativeResultsDirectory="a5420c00-5a42-4604-9074-6670f9f484f4">
      <Output>
        <ErrorInfo>
          <Message>Assert.AreEqual failed. Expected:&lt;&gt;. Actual:&lt;D:/&gt;. </Message>
          <StackTrace>   at TestProject1.MyFileSystemWatherTest.setFilterTest() in C:\Users\simmon\Documents\Visual Studio 2010\Projects\MyFileSystemWatcherText\TestProject1\MyFileSystemWatherTest.cs:line 90
</StackTrace>
        </ErrorInfo>
      </Output>
    </UnitTestResult>
  </Results>
</TestRun>