<?xml version="1.0" encoding="UTF-8"?>
<TestRun id="d58238fc-d2a9-482f-b5eb-43fee70d134a" name="simmon@SIMMON-PC 2012-03-29 18:51:06" runUser="simmon-PC\simmon" xmlns="http://microsoft.com/schemas/VisualStudio/TeamTest/2010">
  <TestSettings name="Local" id="f3e4f830-58d2-476d-86e4-89d57190b36c">
    <Description>These are default test settings for a local test run.</Description>
    <Deployment enabled="false" runDeploymentRoot="simmon_SIMMON-PC 2012-03-29 18_51_06">
      <DeploymentItem filename="C:\Users\simmon\Documents\Visual Studio 2010\Projects\MyFileSystemWatcherText\MyFileSystemWatcherText\bin\Debug\MyFileSystemWatcherText.dll" />
      <DeploymentItem filename="C:\Program Files (x86)\NUnit 2.6\bin\framework\nunit.framework.dll" />
      <DeploymentItem filename="C:\Users\simmon\Downloads\Moq.4.0.10827\NET40\Moq.dll" />
      <DeploymentItem filename="C:\Program Files (x86)\Typemock\Isolator\7\TypeMock.dll" />
    </Deployment>
    <Execution>
      <TestTypeSpecific />
      <AgentRule name="Execution Agents">
      </AgentRule>
    </Execution>
  </TestSettings>
  <Times creation="2012-03-29T18:51:06.3156566+08:00" queuing="2012-03-29T18:51:06.8466590+08:00" start="2012-03-29T18:51:06.8886614+08:00" finish="2012-03-29T18:51:10.1677430+08:00" />
  <ResultSummary outcome="Warning">
    <Counters total="1" executed="1" passed="1" error="0" failed="0" timeout="0" aborted="0" inconclusive="0" passedButRunAborted="0" notRunnable="0" notExecuted="0" disconnected="0" warning="0" completed="0" inProgress="0" pending="0" />
    <RunInfos>
      <RunInfo computerName="SIMMON-PC" outcome="Warning" timestamp="2012-03-29T18:51:06.8456590+08:00">
        <Text>Deployment is currently disabled. The deployment item 'MyFileSystemWatcherText.dll' on test 'TestProject1.MyFileSystemWatherTest.WatcherProcess_OnChangedTest' was not deployed.</Text>
      </RunInfo>
    </RunInfos>
  </ResultSummary>
  <TestDefinitions>
    <UnitTest name="WatcherProcess_OnChangedTest" storage="c:\users\simmon\documents\visual studio 2010\projects\myfilesystemwatchertext\testproject1\bin\debug\testproject1.dll" id="bb1755c7-6630-68c3-2648-cb40ee5bd140">
      <DeploymentItems>
        <DeploymentItem filename="MyFileSystemWatcherText.dll" />
      </DeploymentItems>
      <Execution id="f2311c0b-33fb-45f0-bc26-f895773099cc" />
      <TestMethod codeBase="C:/Users/simmon/Documents/Visual Studio 2010/Projects/MyFileSystemWatcherText/TestProject1/bin/Debug/TestProject1.DLL" adapterTypeName="Microsoft.VisualStudio.TestTools.TestTypes.Unit.UnitTestAdapter, Microsoft.VisualStudio.QualityTools.Tips.UnitTest.Adapter, Version=10.0.0.0, Culture=neutral, PublicKeyToken=b03f5f7f11d50a3a" className="TestProject1.MyFileSystemWatherTest, TestProject1, Version=1.0.0.0, Culture=neutral, PublicKeyToken=null" name="WatcherProcess_OnChangedTest" />
    </UnitTest>
  </TestDefinitions>
  <TestLists>
    <TestList name="Results Not in a List" id="8c84fa94-04c1-424b-9868-57a2d4851a1d" />
    <TestList name="All Loaded Results" id="19431567-8539-422a-85d7-44ee4e166bda" />
  </TestLists>
  <TestEntries>
    <TestEntry testId="bb1755c7-6630-68c3-2648-cb40ee5bd140" executionId="f2311c0b-33fb-45f0-bc26-f895773099cc" testListId="8c84fa94-04c1-424b-9868-57a2d4851a1d" />
  </TestEntries>
  <Results>
    <UnitTestResult executionId="f2311c0b-33fb-45f0-bc26-f895773099cc" testId="bb1755c7-6630-68c3-2648-cb40ee5bd140" testName="WatcherProcess_OnChangedTest" computerName="SIMMON-PC" duration="00:00:03.0277739" startTime="2012-03-29T18:51:06.8946618+08:00" endTime="2012-03-29T18:51:10.1477430+08:00" testType="13cdc9d9-ddb5-4fa4-a97d-d965ccfc6d4b" outcome="Passed" testListId="8c84fa94-04c1-424b-9868-57a2d4851a1d" relativeResultsDirectory="f2311c0b-33fb-45f0-bc26-f895773099cc">
      <Output>
        <StdOut>The path of the mointor file:</StdOut>
      </Output>
    </UnitTestResult>
  </Results>
</TestRun>