<?xml version="1.0" encoding="UTF-8"?>
<TestRun id="6b057108-1bb4-4f6b-8b2a-f528cd2413c2" name="simmon@SIMMON-PC 2012-03-30 14:16:55" runUser="simmon-PC\simmon" xmlns="http://microsoft.com/schemas/VisualStudio/TeamTest/2010">
  <TestSettings name="Local" id="f3e4f830-58d2-476d-86e4-89d57190b36c">
    <Description>These are default test settings for a local test run.</Description>
    <Deployment enabled="false" runDeploymentRoot="simmon_SIMMON-PC 2012-03-30 14_16_55">
      <DeploymentItem filename="C:\Users\simmon\Documents\Visual Studio 2010\Projects\MyFileSystemWatcherText\MyFileSystemWatcherText\bin\Debug\MyFileSystemWatcherText.dll" />
      <DeploymentItem filename="C:\Program Files (x86)\NUnit 2.6\bin\framework\nunit.framework.dll" />
      <DeploymentItem filename="C:\Users\simmon\Downloads\Moq.4.0.10827\NET40\Moq.dll" />
      <DeploymentItem filename="C:\Program Files (x86)\Typemock\Isolator\7\TypeMock.dll" />
    </Deployment>
    <Execution>
      <TestTypeSpecific />
      <AgentRule name="Execution Agents">
      </AgentRule>
    </Execution>
  </TestSettings>
  <Times creation="2012-03-30T14:16:55.5467417+08:00" queuing="2012-03-30T14:16:55.5687429+08:00" start="2012-03-30T14:16:55.5777435+08:00" finish="2012-03-30T14:16:55.8917614+08:00" />
  <ResultSummary outcome="Completed">
    <Counters total="1" executed="1" passed="1" error="0" failed="0" timeout="0" aborted="0" inconclusive="0" passedButRunAborted="0" notRunnable="0" notExecuted="0" disconnected="0" warning="0" completed="0" inProgress="0" pending="0" />
  </ResultSummary>
  <TestDefinitions>
    <UnitTest name="RunTest" storage="c:\users\simmon\documents\visual studio 2010\projects\myfilesystemwatchertext\testproject1\bin\debug\testproject1.dll" id="d6d11a68-f0c1-2455-4e45-c5b23544b7bf">
      <Execution id="41f79ba8-9ba8-4fdb-9e80-fb55a674ea75" />
      <TestMethod codeBase="C:/Users/simmon/Documents/Visual Studio 2010/Projects/MyFileSystemWatcherText/TestProject1/bin/Debug/TestProject1.DLL" adapterTypeName="Microsoft.VisualStudio.TestTools.TestTypes.Unit.UnitTestAdapter, Microsoft.VisualStudio.QualityTools.Tips.UnitTest.Adapter, Version=10.0.0.0, Culture=neutral, PublicKeyToken=b03f5f7f11d50a3a" className="TestProject1.MyFileSystemWatherTest, TestProject1, Version=1.0.0.0, Culture=neutral, PublicKeyToken=null" name="RunTest" />
    </UnitTest>
  </TestDefinitions>
  <TestLists>
    <TestList name="Results Not in a List" id="8c84fa94-04c1-424b-9868-57a2d4851a1d" />
    <TestList name="All Loaded Results" id="19431567-8539-422a-85d7-44ee4e166bda" />
  </TestLists>
  <TestEntries>
    <TestEntry testId="d6d11a68-f0c1-2455-4e45-c5b23544b7bf" executionId="41f79ba8-9ba8-4fdb-9e80-fb55a674ea75" testListId="8c84fa94-04c1-424b-9868-57a2d4851a1d" />
  </TestEntries>
  <Results>
    <UnitTestResult executionId="41f79ba8-9ba8-4fdb-9e80-fb55a674ea75" testId="d6d11a68-f0c1-2455-4e45-c5b23544b7bf" testName="RunTest" computerName="SIMMON-PC" duration="00:00:00.0476947" startTime="2012-03-30T14:16:55.5847439+08:00" endTime="2012-03-30T14:16:55.8727603+08:00" testType="13cdc9d9-ddb5-4fa4-a97d-d965ccfc6d4b" outcome="Passed" testListId="8c84fa94-04c1-424b-9868-57a2d4851a1d" relativeResultsDirectory="41f79ba8-9ba8-4fdb-9e80-fb55a674ea75">
      <Output>
        <StdOut>The path of the mointor file:  
The path of the mointor file: C:\Users\Public\Pictures\Sample Pictures *.*</StdOut>
      </Output>
    </UnitTestResult>
  </Results>
</TestRun>