<?xml version="1.0" encoding="UTF-8"?>
<TestRun id="8b64ee2c-7135-466b-91ae-a58dd3fae461" name="simmon@SIMMON-PC 2012-03-21 16:16:51" runUser="simmon-PC\simmon" xmlns="http://microsoft.com/schemas/VisualStudio/TeamTest/2010">
  <TestSettings name="Local" id="f3e4f830-58d2-476d-86e4-89d57190b36c">
    <Description>These are default test settings for a local test run.</Description>
    <Deployment enabled="false" runDeploymentRoot="simmon_SIMMON-PC 2012-03-21 16_16_51">
      <DeploymentItem filename="C:\Program Files (x86)\NUnit 2.6\bin\framework\nunit.framework.dll" />
      <DeploymentItem filename="C:\Users\simmon\Documents\Visual Studio 2010\Projects\MyFileSystemWatcherText\MyFileSystemWatcherText\bin\Debug\MyFileSystemWatcherText.dll" />
    </Deployment>
    <Execution>
      <TestTypeSpecific />
      <AgentRule name="Execution Agents">
      </AgentRule>
    </Execution>
  </TestSettings>
  <Times creation="2012-03-21T16:16:51.1200737+08:00" queuing="2012-03-21T16:16:51.1440751+08:00" start="2012-03-21T16:16:51.1520755+08:00" finish="2012-03-21T16:16:51.4620933+08:00" />
  <ResultSummary outcome="Failed">
    <Counters total="1" executed="1" error="0" failed="1" timeout="0" aborted="0" inconclusive="0" passedButRunAborted="0" notRunnable="0" notExecuted="0" disconnected="0" warning="0" passed="0" completed="0" inProgress="0" pending="0" />
  </ResultSummary>
  <TestDefinitions>
    <UnitTest name="StartTest" storage="c:\users\simmon\documents\visual studio 2010\projects\myfilesystemwatchertext\testproject1\bin\debug\testproject1.dll" id="88ec4445-7742-e261-a8a4-eba7713570b8">
      <Execution id="02c62b1a-f694-4894-9374-6bf125aa8037" />
      <TestMethod codeBase="C:/Users/simmon/Documents/Visual Studio 2010/Projects/MyFileSystemWatcherText/TestProject1/bin/Debug/TestProject1.DLL" adapterTypeName="Microsoft.VisualStudio.TestTools.TestTypes.Unit.UnitTestAdapter, Microsoft.VisualStudio.QualityTools.Tips.UnitTest.Adapter, Version=10.0.0.0, Culture=neutral, PublicKeyToken=b03f5f7f11d50a3a" className="TestProject1.MyFileSystemWatherTest, TestProject1, Version=1.0.0.0, Culture=neutral, PublicKeyToken=null" name="StartTest" />
    </UnitTest>
  </TestDefinitions>
  <TestLists>
    <TestList name="Results Not in a List" id="8c84fa94-04c1-424b-9868-57a2d4851a1d" />
    <TestList name="All Loaded Results" id="19431567-8539-422a-85d7-44ee4e166bda" />
  </TestLists>
  <TestEntries>
    <TestEntry testId="88ec4445-7742-e261-a8a4-eba7713570b8" executionId="02c62b1a-f694-4894-9374-6bf125aa8037" testListId="8c84fa94-04c1-424b-9868-57a2d4851a1d" />
  </TestEntries>
  <Results>
    <UnitTestResult executionId="02c62b1a-f694-4894-9374-6bf125aa8037" testId="88ec4445-7742-e261-a8a4-eba7713570b8" testName="StartTest" computerName="SIMMON-PC" duration="00:00:00.0627697" startTime="2012-03-21T16:16:51.1560758+08:00" endTime="2012-03-21T16:16:51.4490925+08:00" testType="13cdc9d9-ddb5-4fa4-a97d-d965ccfc6d4b" outcome="Failed" testListId="8c84fa94-04c1-424b-9868-57a2d4851a1d" relativeResultsDirectory="02c62b1a-f694-4894-9374-6bf125aa8037">
      <Output>
        <ErrorInfo>
          <Message>Test method TestProject1.MyFileSystemWatherTest.StartTest threw exception: 
System.Exception: 找不到路径：</Message>
          <StackTrace>   at text.MyFileSystemWather_Accessor.Start()
   at TestProject1.MyFileSystemWatherTest.StartTest() in C:\Users\simmon\Documents\Visual Studio 2010\Projects\MyFileSystemWatcherText\TestProject1\MyFileSystemWatherTest.cs:line 113
</StackTrace>
        </ErrorInfo>
      </Output>
    </UnitTestResult>
  </Results>
</TestRun>