<?xml version="1.0" encoding="UTF-8"?>
<TestRun id="3f8fd16a-539d-48c9-9153-9775eaf8bf49" name="simmon@SIMMON-PC 2012-03-21 16:23:47" runUser="simmon-PC\simmon" xmlns="http://microsoft.com/schemas/VisualStudio/TeamTest/2010">
  <TestSettings name="Local" id="f3e4f830-58d2-476d-86e4-89d57190b36c">
    <Description>These are default test settings for a local test run.</Description>
    <Deployment enabled="false" runDeploymentRoot="simmon_SIMMON-PC 2012-03-21 16_23_47">
      <DeploymentItem filename="C:\Program Files (x86)\NUnit 2.6\bin\framework\nunit.framework.dll" />
      <DeploymentItem filename="C:\Users\simmon\Documents\Visual Studio 2010\Projects\MyFileSystemWatcherText\MyFileSystemWatcherText\bin\Debug\MyFileSystemWatcherText.dll" />
    </Deployment>
    <Execution>
      <TestTypeSpecific />
      <AgentRule name="Execution Agents">
      </AgentRule>
    </Execution>
  </TestSettings>
  <Times creation="2012-03-21T16:23:47.2015614+08:00" queuing="2012-03-21T16:23:47.2265629+08:00" start="2012-03-21T16:23:47.2335633+08:00" finish="2012-03-21T16:23:47.5685824+08:00" />
  <ResultSummary outcome="Failed">
    <Counters total="1" executed="1" error="0" failed="1" timeout="0" aborted="0" inconclusive="0" passedButRunAborted="0" notRunnable="0" notExecuted="0" disconnected="0" warning="0" passed="0" completed="0" inProgress="0" pending="0" />
  </ResultSummary>
  <TestDefinitions>
    <UnitTest name="RunTest" storage="c:\users\simmon\documents\visual studio 2010\projects\myfilesystemwatchertext\testproject1\bin\debug\testproject1.dll" id="d6d11a68-f0c1-2455-4e45-c5b23544b7bf">
      <Execution id="98823339-5892-49c9-971d-ea3f850a11df" />
      <TestMethod codeBase="C:/Users/simmon/Documents/Visual Studio 2010/Projects/MyFileSystemWatcherText/TestProject1/bin/Debug/TestProject1.DLL" adapterTypeName="Microsoft.VisualStudio.TestTools.TestTypes.Unit.UnitTestAdapter, Microsoft.VisualStudio.QualityTools.Tips.UnitTest.Adapter, Version=10.0.0.0, Culture=neutral, PublicKeyToken=b03f5f7f11d50a3a" className="TestProject1.MyFileSystemWatherTest, TestProject1, Version=1.0.0.0, Culture=neutral, PublicKeyToken=null" name="RunTest" />
    </UnitTest>
  </TestDefinitions>
  <TestLists>
    <TestList name="Results Not in a List" id="8c84fa94-04c1-424b-9868-57a2d4851a1d" />
    <TestList name="All Loaded Results" id="19431567-8539-422a-85d7-44ee4e166bda" />
  </TestLists>
  <TestEntries>
    <TestEntry testId="d6d11a68-f0c1-2455-4e45-c5b23544b7bf" executionId="98823339-5892-49c9-971d-ea3f850a11df" testListId="8c84fa94-04c1-424b-9868-57a2d4851a1d" />
  </TestEntries>
  <Results>
    <UnitTestResult executionId="98823339-5892-49c9-971d-ea3f850a11df" testId="d6d11a68-f0c1-2455-4e45-c5b23544b7bf" testName="RunTest" computerName="SIMMON-PC" duration="00:00:00.0792409" startTime="2012-03-21T16:23:47.2415637+08:00" endTime="2012-03-21T16:23:47.5575818+08:00" testType="13cdc9d9-ddb5-4fa4-a97d-d965ccfc6d4b" outcome="Failed" testListId="8c84fa94-04c1-424b-9868-57a2d4851a1d" relativeResultsDirectory="98823339-5892-49c9-971d-ea3f850a11df">
      <Output>
        <ErrorInfo>
          <Message>Test method TestProject1.MyFileSystemWatherTest.RunTest threw exception System.NullReferenceException, but exception System.Exception was expected. Exception message: System.NullReferenceException: Object reference not set to an instance of an object.</Message>
          <StackTrace>   at text.MyFileSystemWather_Accessor.Run(String[] ss)
   at TestProject1.MyFileSystemWatherTest.RunTest() in C:\Users\simmon\Documents\Visual Studio 2010\Projects\MyFileSystemWatcherText\TestProject1\MyFileSystemWatherTest.cs:line 130
</StackTrace>
        </ErrorInfo>
      </Output>
    </UnitTestResult>
  </Results>
</TestRun>