<?xml version="1.0" encoding="UTF-8"?>
<TestRun id="a4d8fadc-9479-4681-b7e3-de94882fa83f" name="simmon@SIMMON-PC 2012-03-29 18:33:01" runUser="simmon-PC\simmon" xmlns="http://microsoft.com/schemas/VisualStudio/TeamTest/2010">
  <TestSettings name="Local" id="f3e4f830-58d2-476d-86e4-89d57190b36c">
    <Description>These are default test settings for a local test run.</Description>
    <Deployment enabled="false" runDeploymentRoot="simmon_SIMMON-PC 2012-03-29 18_33_01">
      <DeploymentItem filename="C:\Users\simmon\Documents\Visual Studio 2010\Projects\MyFileSystemWatcherText\MyFileSystemWatcherText\bin\Debug\MyFileSystemWatcherText.dll" />
      <DeploymentItem filename="C:\Program Files (x86)\NUnit 2.6\bin\framework\nunit.framework.dll" />
      <DeploymentItem filename="C:\Users\simmon\Downloads\Moq.4.0.10827\NET40\Moq.dll" />
      <DeploymentItem filename="C:\Program Files (x86)\Typemock\Isolator\7\TypeMock.dll" />
    </Deployment>
    <Execution>
      <TestTypeSpecific />
      <AgentRule name="Execution Agents">
      </AgentRule>
    </Execution>
  </TestSettings>
  <Times creation="2012-03-29T18:33:01.1517285+08:00" queuing="2012-03-29T18:33:01.7177609+08:00" start="2012-03-29T18:33:01.7277614+08:00" finish="2012-03-29T18:33:02.2177895+08:00" />
  <ResultSummary outcome="Warning">
    <Counters total="1" executed="1" passed="1" error="0" failed="0" timeout="0" aborted="0" inconclusive="0" passedButRunAborted="0" notRunnable="0" notExecuted="0" disconnected="0" warning="0" completed="0" inProgress="0" pending="0" />
    <RunInfos>
      <RunInfo computerName="SIMMON-PC" outcome="Warning" timestamp="2012-03-29T18:33:01.7167608+08:00">
        <Text>Deployment is currently disabled. The deployment item 'MyFileSystemWatcherText.dll' on test 'TestProject1.MyFileSystemWatherTest.WatcherProcess_OnCreatedTest' was not deployed.</Text>
      </RunInfo>
    </RunInfos>
  </ResultSummary>
  <TestDefinitions>
    <UnitTest name="WatcherProcess_OnCreatedTest" storage="c:\users\simmon\documents\visual studio 2010\projects\myfilesystemwatchertext\testproject1\bin\debug\testproject1.dll" id="174f7e3b-fd0e-d5ad-4b43-d101eb98b1e7">
      <DeploymentItems>
        <DeploymentItem filename="MyFileSystemWatcherText.dll" />
      </DeploymentItems>
      <Execution id="e1ca423b-e911-41ca-8b4b-9d326b468826" />
      <TestMethod codeBase="C:/Users/simmon/Documents/Visual Studio 2010/Projects/MyFileSystemWatcherText/TestProject1/bin/Debug/TestProject1.DLL" adapterTypeName="Microsoft.VisualStudio.TestTools.TestTypes.Unit.UnitTestAdapter, Microsoft.VisualStudio.QualityTools.Tips.UnitTest.Adapter, Version=10.0.0.0, Culture=neutral, PublicKeyToken=b03f5f7f11d50a3a" className="TestProject1.MyFileSystemWatherTest, TestProject1, Version=1.0.0.0, Culture=neutral, PublicKeyToken=null" name="WatcherProcess_OnCreatedTest" />
    </UnitTest>
  </TestDefinitions>
  <TestLists>
    <TestList name="Results Not in a List" id="8c84fa94-04c1-424b-9868-57a2d4851a1d" />
    <TestList name="All Loaded Results" id="19431567-8539-422a-85d7-44ee4e166bda" />
  </TestLists>
  <TestEntries>
    <TestEntry testId="174f7e3b-fd0e-d5ad-4b43-d101eb98b1e7" executionId="e1ca423b-e911-41ca-8b4b-9d326b468826" testListId="8c84fa94-04c1-424b-9868-57a2d4851a1d" />
  </TestEntries>
  <Results>
    <UnitTestResult executionId="e1ca423b-e911-41ca-8b4b-9d326b468826" testId="174f7e3b-fd0e-d5ad-4b43-d101eb98b1e7" testName="WatcherProcess_OnCreatedTest" computerName="SIMMON-PC" duration="00:00:00.2252505" startTime="2012-03-29T18:33:01.7307616+08:00" endTime="2012-03-29T18:33:02.1977883+08:00" testType="13cdc9d9-ddb5-4fa4-a97d-d965ccfc6d4b" outcome="Passed" testListId="8c84fa94-04c1-424b-9868-57a2d4851a1d" relativeResultsDirectory="e1ca423b-e911-41ca-8b4b-9d326b468826">
      <Output>
        <StdOut>The path of the mointor file:</StdOut>
      </Output>
    </UnitTestResult>
  </Results>
</TestRun>