<?xml version="1.0" encoding="UTF-8"?>
<TestRun id="e0d23e5d-000d-43c0-b3b5-5288b257b77a" name="simmon@SIMMON-PC 2012-03-30 10:32:35" runUser="simmon-PC\simmon" xmlns="http://microsoft.com/schemas/VisualStudio/TeamTest/2010">
  <TestSettings name="Local" id="f3e4f830-58d2-476d-86e4-89d57190b36c">
    <Description>These are default test settings for a local test run.</Description>
    <Deployment enabled="false" runDeploymentRoot="simmon_SIMMON-PC 2012-03-30 10_32_35">
      <DeploymentItem filename="C:\Users\simmon\Documents\Visual Studio 2010\Projects\MyFileSystemWatcherText\MyFileSystemWatcherText\bin\Debug\MyFileSystemWatcherText.dll" />
      <DeploymentItem filename="C:\Program Files (x86)\NUnit 2.6\bin\framework\nunit.framework.dll" />
      <DeploymentItem filename="C:\Users\simmon\Downloads\Moq.4.0.10827\NET40\Moq.dll" />
      <DeploymentItem filename="C:\Program Files (x86)\Typemock\Isolator\7\TypeMock.dll" />
    </Deployment>
    <Execution>
      <TestTypeSpecific />
      <AgentRule name="Execution Agents">
      </AgentRule>
    </Execution>
  </TestSettings>
  <Times creation="2012-03-30T10:32:35.1860685+08:00" queuing="2012-03-30T10:32:35.7788696+08:00" start="2012-03-30T10:32:35.7944696+08:00" finish="2012-03-30T10:32:36.0284700+08:00" />
  <ResultSummary outcome="Completed">
    <Counters total="1" executed="1" passed="1" error="0" failed="0" timeout="0" aborted="0" inconclusive="0" passedButRunAborted="0" notRunnable="0" notExecuted="0" disconnected="0" warning="0" completed="0" inProgress="0" pending="0" />
  </ResultSummary>
  <TestDefinitions>
    <UnitTest name="checkTest" storage="c:\users\simmon\documents\visual studio 2010\projects\myfilesystemwatchertext\testproject1\bin\debug\testproject1.dll" id="1152995a-2c78-30b7-9f3e-682f11126fa0">
      <Execution id="128d1007-092c-401f-b692-bbdf94408ac5" />
      <TestMethod codeBase="C:/Users/simmon/Documents/Visual Studio 2010/Projects/MyFileSystemWatcherText/TestProject1/bin/Debug/TestProject1.DLL" adapterTypeName="Microsoft.VisualStudio.TestTools.TestTypes.Unit.UnitTestAdapter, Microsoft.VisualStudio.QualityTools.Tips.UnitTest.Adapter, Version=10.0.0.0, Culture=neutral, PublicKeyToken=b03f5f7f11d50a3a" className="TestProject1.MyFileSystemWatherTest, TestProject1, Version=1.0.0.0, Culture=neutral, PublicKeyToken=null" name="checkTest" />
    </UnitTest>
  </TestDefinitions>
  <TestLists>
    <TestList name="Results Not in a List" id="8c84fa94-04c1-424b-9868-57a2d4851a1d" />
    <TestList name="All Loaded Results" id="19431567-8539-422a-85d7-44ee4e166bda" />
  </TestLists>
  <TestEntries>
    <TestEntry testId="1152995a-2c78-30b7-9f3e-682f11126fa0" executionId="128d1007-092c-401f-b692-bbdf94408ac5" testListId="8c84fa94-04c1-424b-9868-57a2d4851a1d" />
  </TestEntries>
  <Results>
    <UnitTestResult executionId="128d1007-092c-401f-b692-bbdf94408ac5" testId="1152995a-2c78-30b7-9f3e-682f11126fa0" testName="checkTest" computerName="SIMMON-PC" duration="00:00:00.0164366" startTime="2012-03-30T10:32:35.7944696+08:00" endTime="2012-03-30T10:32:36.0284700+08:00" testType="13cdc9d9-ddb5-4fa4-a97d-d965ccfc6d4b" outcome="Passed" testListId="8c84fa94-04c1-424b-9868-57a2d4851a1d" relativeResultsDirectory="128d1007-092c-401f-b692-bbdf94408ac5">
      <Output>
        <StdOut>The path of the mointor file:</StdOut>
      </Output>
    </UnitTestResult>
  </Results>
</TestRun>